==================================================================
  SAGE ORCHESTRATED INTEGRAL-POINT SEARCH
  workers=2  timeout=90s
  y^2 = x^3 + 1296n^2x^2 + 15552n^3x + (46656n^4 - 19n)
==================================================================
  Spawning 2 Sage daemon(s). This takes ~20-30s each...
  Worker 0 ready.
  Worker 1 ready.
  Resuming from radius 1
  [W0] Restarting...
  [TIMEOUT n=       3  135s elapsed]
  [W0] Ready again
  [W1] Restarting...
  [TIMEOUT n=      -3  157s elapsed]
  [W1] Ready again
  [W0] Restarting...
  [TIMEOUT n=       4  230s elapsed]
  [W0] Ready again
  [W1] Restarting...
  [TIMEOUT n=      -4  253s elapsed]
  [W1] Ready again
  [W0] Restarting...
  [TIMEOUT n=       5  326s elapsed]
  [W0] Ready again
  [W1] Restarting...
  [TIMEOUT n=      -5  349s elapsed]
  [W1] Ready again
  [W0] Restarting...
  [TIMEOUT n=       6  422s elapsed]
  [W0] Ready again
  [W1] Restarting...
  [TIMEOUT n=      -6  446s elapsed]
  [W1] Ready again
  [W0] Restarting...
  [TIMEOUT n=       7  519s elapsed]
  [W0] Ready again
  [W1] Restarting...
  [TIMEOUT n=      -7  543s elapsed]
  [W1] Ready again
  [W0] Restarting...
  [TIMEOUT n=       8  617s elapsed]
  [W0] Ready again
  [W1] Restarting...
  [TIMEOUT n=      -8  640s elapsed]
  [W1] Ready again
  [W0] Restarting...
  [TIMEOUT n=       9  715s elapsed]
  [W0] Ready again
  [W1] Restarting...
  [TIMEOUT n=      -9  739s elapsed]
  [W1] Ready again
  [W0] Restarting...
  [TIMEOUT n=      10  814s elapsed]
  [W0] Ready again
  [W1] Restarting...
  [TIMEOUT n=     -10  837s elapsed]
  [W1] Ready again
  [W0] Restarting...
  [TIMEOUT n=      11  913s elapsed]
  [W0] Ready again
  [W1] Restarting...
  [TIMEOUT n=     -11  937s elapsed]
  [W1] Ready again
  [W0] Restarting...
  [TIMEOUT n=      12  1012s elapsed]
  [W0] Ready again
  [W1] Restarting...
  [TIMEOUT n=     -12  1035s elapsed]
  [W1] Ready again
  [W0] Restarting...
  [TIMEOUT n=      13  1110s elapsed]
  [W0] Ready again
  [W1] Restarting...
  [TIMEOUT n=     -13  1132s elapsed]
  [W1] Ready again
  [W0] Restarting...
  [TIMEOUT n=      14  1209s elapsed]
  [W0] Ready again
  [W1] Restarting...
  [TIMEOUT n=     -14  1230s elapsed]
  [W1] Ready again
  [W0] Restarting...
  [TIMEOUT n=      15  1309s elapsed]
  [W0] Ready again
  [W1] Restarting...
  [TIMEOUT n=     -15  1330s elapsed]
  [W1] Ready again
  [W0] Restarting...
  [TIMEOUT n=      16  1407s elapsed]
  [W0] Ready again
  [W1] Restarting...
  [TIMEOUT n=     -16  1430s elapsed]
  [W1] Ready again
  [W0] Restarting...
  [TIMEOUT n=      17  1506s elapsed]
  [W0] Ready again
  [W1] Restarting...
  [TIMEOUT n=     -17  1530s elapsed]
  [W1] Ready again
  [W0] Restarting...
  [TIMEOUT n=      18  1613s elapsed]
  [W0] Ready again
  [W1] Restarting...
  [TIMEOUT n=     -18  1635s elapsed]
  [W1] Ready again
  [W0] Restarting...
  [TIMEOUT n=      19  1722s elapsed]
  [W1] Restarting...
  [TIMEOUT n=     -19  1746s elapsed]
  [W0] Ready again
  [W1] Ready again
  [W0] Restarting...
  [TIMEOUT n=      20  1841s elapsed]
  [W1] Restarting...
  [TIMEOUT n=     -20  1861s elapsed]
  [W0] Ready again
  [W1] Ready again
  [W0] Restarting...
  [TIMEOUT n=      21  1958s elapsed]
  [W1] Restarting...
  [TIMEOUT n=     -21  1978s elapsed]
  [W0] Ready again
  [W1] Ready again
  [W0] Restarting...
  [TIMEOUT n=      22  2072s elapsed]
  [W1] Restarting...
  [TIMEOUT n=     -22  2097s elapsed]
  [W0] Ready again
  [W1] Ready again
  [W0] Restarting...
  [TIMEOUT n=      23  2199s elapsed]
  [W1] Restarting...
  [TIMEOUT n=     -23  2216s elapsed]
  [W0] Ready again
  [W1] Ready again
  [W0] Restarting...
  [TIMEOUT n=      24  2315s elapsed]
  [W1] Restarting...
  [TIMEOUT n=     -24  2336s elapsed]
  [W0] Ready again
  [W1] Ready again
  [W0] Restarting...
  [TIMEOUT n=      25  2432s elapsed]
  [W1] Restarting...
  [TIMEOUT n=     -25  2456s elapsed]
  [W0] Ready again
  [W1] Ready again
  [W0] Restarting...
  [TIMEOUT n=      26  2556s elapsed]
  [W1] Restarting...
  [TIMEOUT n=     -26  2579s elapsed]
  [W0] Ready again
  [W1] Ready again
  [W0] Restarting...
  [TIMEOUT n=      27  2681s elapsed]
  [W1] Restarting...
  [TIMEOUT n=     -27  2690s elapsed]
  [W1] Ready again
  [W0] Ready again
  [W1] Restarting...
  [TIMEOUT n=      28  2801s elapsed]
  [W0] Restarting...
  [TIMEOUT n=     -28  2803s elapsed]
  [W1] Ready again
  [W0] Ready again
  [W1] Restarting...
  [TIMEOUT n=      29  2929s elapsed]
  [W0] Restarting...
  [TIMEOUT n=     -29  2935s elapsed]
  [W1] Ready again
  [W0] Ready again
  [W1] Restarting...
  [TIMEOUT n=      30  3051s elapsed]
  [W0] Restarting...
  [TIMEOUT n=     -30  3067s elapsed]
  [W1] Ready again
  [W0] Ready again
  [W1] Restarting...
  [TIMEOUT n=      31  3183s elapsed]
  [W0] Restarting...
  [TIMEOUT n=     -31  3195s elapsed]
  [W1] Ready again
  [W0] Ready again
  [W1] Restarting...
  [TIMEOUT n=      32  3314s elapsed]
  [W0] Restarting...
  [TIMEOUT n=     -32  3331s elapsed]
  [W1] Ready again
  [W0] Ready again
  [W1] Restarting...
  [TIMEOUT n=      33  3436s elapsed]
  [W0] Restarting...
  [TIMEOUT n=     -33  3458s elapsed]
  [W1] Ready again
  [W0] Ready again
  [W1] Restarting...
  [TIMEOUT n=      34  3559s elapsed]
  [W0] Restarting...
  [TIMEOUT n=     -34  3587s elapsed]
  [W1] Ready again
  [W0] Ready again
  [W1] Restarting...
  [TIMEOUT n=      35  3699s elapsed]
  [W0] Restarting...
  [TIMEOUT n=     -35  3721s elapsed]
  [W1] Ready again
  [W0] Ready again
  [W1] Restarting...
  [TIMEOUT n=      36  3832s elapsed]
  [W0] Restarting...
  [TIMEOUT n=     -36  3852s elapsed]
  [W1] Ready again
  [W0] Ready again
  [W1] Restarting...
  [TIMEOUT n=      37  3962s elapsed]
  [W0] Restarting...
  [TIMEOUT n=     -37  3981s elapsed]
  [W1] Ready again
  [W0] Ready again
  [W1] Restarting...
  [TIMEOUT n=      38  4091s elapsed]
  [W0] Restarting...
  [TIMEOUT n=     -38  4111s elapsed]
  [W1] Ready again
  [W0] Ready again
  [W1] Restarting...
  [TIMEOUT n=      39  4215s elapsed]
  [W0] Restarting...
  [TIMEOUT n=     -39  4238s elapsed]
  [W1] Ready again
  [W0] Ready again
  [W1] Restarting...
  [TIMEOUT n=      40  4347s elapsed]
  [W0] Restarting...
  [TIMEOUT n=     -40  4371s elapsed]
  [W1] Ready again
  [W0] Ready again
  [W1] Restarting...
  [TIMEOUT n=      41  4483s elapsed]
  [W0] Restarting...
  [TIMEOUT n=     -41  4519s elapsed]
  [W1] Ready again
  [W0] Ready again
  [W1] Restarting...
  [TIMEOUT n=      42  4622s elapsed]
  [W0] Restarting...
  [TIMEOUT n=     -42  4639s elapsed]
  [W1] Ready again
  [W0] Ready again
  [W1] Restarting...
  [TIMEOUT n=      43  4763s elapsed]
  [W0] Restarting...
  [TIMEOUT n=     -43  4779s elapsed]
  [W1] Ready again
  [W0] Ready again
  [W1] Restarting...
  [TIMEOUT n=      44  4894s elapsed]
  [W0] Restarting...
  [TIMEOUT n=     -44  4914s elapsed]
  [W1] Ready again
  [W0] Ready again
  [W1] Restarting...
  [TIMEOUT n=      45  5032s elapsed]
  [W0] Restarting...
  [TIMEOUT n=     -45  5049s elapsed]
  [W1] Ready again
  [W0] Ready again
  [W1] Restarting...
  [TIMEOUT n=      46  5163s elapsed]
  [W0] Restarting...
  [TIMEOUT n=     -46  5183s elapsed]
  [W1] Ready again
  [W0] Ready again
  [W1] Restarting...
  [TIMEOUT n=      47  5293s elapsed]
  [W0] Restarting...
  [TIMEOUT n=     -47  5304s elapsed]
  [W0] Ready again
  [W1] Ready again
  [W0] Restarting...
  [TIMEOUT n=      48  5423s elapsed]
  [W1] Restarting...
  [TIMEOUT n=     -48  5437s elapsed]
  [W0] Ready again
  [W1] Ready again
  [W0] Restarting...
  [TIMEOUT n=      49  5558s elapsed]
  [W1] Restarting...
  [TIMEOUT n=     -49  5573s elapsed]
  [W0] Ready again
  [W1] Ready again
  [W0] Restarting...
  [TIMEOUT n=      50  5700s elapsed]
  [W1] Restarting...
  [TIMEOUT n=     -50  5715s elapsed]
  [W1] Ready again
  [W0] Ready again
  [W1] Restarting...
  [TIMEOUT n=      51  5861s elapsed]
  [W0] Restarting...
  [TIMEOUT n=     -51  5871s elapsed]
  [W0] Ready again
  [W1] Ready again
  [W0] Restarting...
  [TIMEOUT n=      52  6009s elapsed]
  [W1] Restarting...
  [TIMEOUT n=     -52  6018s elapsed]
  [W0] Ready again
  [W1] Ready again
  [W0] Restarting...
  [TIMEOUT n=      53  6138s elapsed]
  [W1] Restarting...
  [TIMEOUT n=     -53  6164s elapsed]
  [W0] Ready again
  [W1] Ready again
  [W0] Restarting...
  [TIMEOUT n=      54  6280s elapsed]
  [W1] Restarting...
  [TIMEOUT n=     -54  6325s elapsed]
  [W0] Ready again
  [W1] Ready again
  [W0] Restarting...
  [TIMEOUT n=      55  6444s elapsed]
  [W1] Restarting...
  [TIMEOUT n=     -55  6489s elapsed]
  [W0] Ready again
  [W1] Ready again
  [W0] Restarting...
  [TIMEOUT n=      56  6616s elapsed]
  [W1] Restarting...
  [TIMEOUT n=     -56  6677s elapsed]
  [W0] Ready again
  [W1] Ready again
  [W0] Restarting...
  [TIMEOUT n=      57  6788s elapsed]
  [W1] Restarting...
  [TIMEOUT n=     -57  6840s elapsed]
  [W0] Ready again
  [W1] Ready again
  [W0] Restarting...
  [TIMEOUT n=      58  6944s elapsed]
  [W0] Ready again
  [W1] Restarting...
  [TIMEOUT n=     -58  6999s elapsed]
  [W1] Ready again
  [W0] Restarting...
  [TIMEOUT n=      59  7077s elapsed]
  [W0] Ready again
  [W1] Restarting...
  [TIMEOUT n=     -59  7161s elapsed]
  [W1] Ready again
  [W0] Restarting...
  [TIMEOUT n=      60  7241s elapsed]
  [W0] Ready again
  [W1] Restarting...
  [TIMEOUT n=     -60  7322s elapsed]
  [W1] Ready again
  [W0] Restarting...
  [TIMEOUT n=      61  7408s elapsed]
  [W0] Ready again
  [W1] Restarting...
  [TIMEOUT n=     -61  7462s elapsed]
  [W1] Ready again
  [W0] Restarting...
  [TIMEOUT n=      62  7544s elapsed]
  [W1] Restarting...
  [TIMEOUT n=     -62  7616s elapsed]
  [W0] Ready again
  [W1] Ready again
  [W0] Restarting...
  [TIMEOUT n=      63  7710s elapsed]
  [W1] Restarting...
  [TIMEOUT n=     -63  7759s elapsed]
  [W0] Ready again
  [W1] Ready again
  [W0] Restarting...
  [TIMEOUT n=      64  7863s elapsed]
  [W1] Restarting...
  [TIMEOUT n=     -64  7917s elapsed]
  [W0] Ready again
  [W1] Ready again
  [W0] Restarting...
  [TIMEOUT n=      65  8023s elapsed]
  [W0] Ready again
  [W1] Restarting...
  [TIMEOUT n=     -65  8069s elapsed]
  [W1] Ready again
  [W0] Restarting...
  [TIMEOUT n=      66  8157s elapsed]
  [W0] Ready again
  [W1] Restarting...
  [TIMEOUT n=     -66  8238s elapsed]
